[ 2014-11-20T09:37:44+08:00 ] ERR: 非法操作:css
[ 2014-11-20T09:37:45+08:00 ] ERR: 非法操作:images
[ 2014-11-20T09:37:45+08:00 ] ERR: 非法操作:images
[ 2014-11-20T09:37:45+08:00 ] ERR: 非法操作:images
[ 2014-11-20T09:37:45+08:00 ] ERR: 非法操作:images
[ 2014-11-20T09:37:45+08:00 ] ERR: 非法操作:images
[ 2014-11-20T09:37:45+08:00 ] ERR: 非法操作:images
[ 2014-11-20T09:37:53+08:00 ] ERR: 非法操作:images
[ 2014-11-20T09:37:53+08:00 ] ERR: 非法操作:images
[ 2014-11-20T09:37:53+08:00 ] ERR: 非法操作:images
[ 2014-11-20T10:45:22+08:00 ] ERR: 无法加载模块:Upload
[ 2014-11-20T10:45:26+08:00 ] ERR: 无法加载模块:Upload
[ 2014-11-20T11:06:48+08:00 ] ERR: 无法加载模块:Upload
[ 2014-11-20T11:06:56+08:00 ] ERR: 无法加载模块:Upload
[ 2014-11-20T11:33:37+08:00 ] ERR: 非法操作:admin
[ 2014-11-20T14:20:03+08:00 ] ERR: 无法加载模块:padmin.php
[ 2014-11-20T14:20:03+08:00 ] ERR: 无法加载模块:padmin.php
[ 2014-11-20T14:20:19+08:00 ] ERR: 无法加载模块:padmin.php
[ 2014-11-20T14:20:22+08:00 ] ERR: 非法操作:css
[ 2014-11-20T14:20:22+08:00 ] ERR: 非法操作:images
[ 2014-11-20T14:20:22+08:00 ] ERR: 非法操作:images
[ 2014-11-20T14:20:22+08:00 ] ERR: 非法操作:images
[ 2014-11-20T14:20:22+08:00 ] ERR: 非法操作:images
[ 2014-11-20T14:20:22+08:00 ] ERR: 非法操作:images
[ 2014-11-20T14:20:22+08:00 ] ERR: 非法操作:images
[ 2014-11-20T14:20:27+08:00 ] ERR: 无法加载模块:padmin.php
[ 2014-11-20T14:28:41+08:00 ] ERR: 非法操作:css
[ 2014-11-20T14:28:41+08:00 ] ERR: 非法操作:images
[ 2014-11-20T14:28:42+08:00 ] ERR: 非法操作:images
[ 2014-11-20T14:28:42+08:00 ] ERR: 非法操作:images
[ 2014-11-20T14:28:42+08:00 ] ERR: 非法操作:images
[ 2014-11-20T14:28:42+08:00 ] ERR: 非法操作:images
[ 2014-11-20T14:28:42+08:00 ] ERR: 非法操作:images
